<?xml version="1.0" encoding="UTF-8"?>
<robot generator="Robot 3.1.2 (Python 3.6.3 on win32)" generated="20191001 11:34:29.978" rpa="false">
<suite id="s1" name="CDPSmokeTestCases StaffUser" source="C:\Python36\Scripts\CDP\Automation\Smoke\CDPSmokeTestCases_StaffUser.robot">
<kw name="Launch Web Browser" library="CommonAction" type="setup">
<arguments>
<arg>${URL}</arg>
<arg>${Browser}</arg>
</arguments>
<kw name="Log To Console" library="BuiltIn">
<doc>Logs the given message to the console.</doc>
<arguments>
<arg>User Intended to Launch Web Browser</arg>
</arguments>
<status status="PASS" starttime="20191001 11:34:30.260" endtime="20191001 11:34:30.260"></status>
</kw>
<kw name="Run Keyword If" library="BuiltIn">
<doc>Runs the given keyword with the given arguments, if ``condition`` is true.</doc>
<arguments>
<arg>'${BROWSER}' == 'HeadlessChrome'</arg>
<arg>Open Headless Chrome Browser and Launch Url</arg>
<arg>${URL}</arg>
<arg>ELSE IF</arg>
<arg>'${BROWSER}' == 'HeadlessFirefox'</arg>
<arg>Open Headless Firefox and Launch Url</arg>
<arg>${URL}</arg>
<arg>ELSE</arg>
<arg>Open Browser</arg>
<arg>url= ${URL.${Environment}}</arg>
<arg>browser=${BROWSER}</arg>
</arguments>
<kw name="Open Browser" library="SeleniumLibrary">
<doc>Opens a new browser instance to the given ``url``.</doc>
<arguments>
<arg>url= ${URL.${Environment}}</arg>
<arg>browser=${BROWSER}</arg>
</arguments>
<msg timestamp="20191001 11:34:30.260" level="INFO">Opening browser 'chrome' to base url ' http://cdpcms-stage.iccdev.org/login/'.</msg>
<status status="PASS" starttime="20191001 11:34:30.260" endtime="20191001 11:34:37.608"></status>
</kw>
<status status="PASS" starttime="20191001 11:34:30.260" endtime="20191001 11:34:37.608"></status>
</kw>
<kw name="Set Selenium Speed" library="SeleniumLibrary">
<doc>Sets the delay that is waited after each Selenium command.</doc>
<arguments>
<arg>${DELAY}</arg>
</arguments>
<status status="PASS" starttime="20191001 11:34:37.608" endtime="20191001 11:34:37.608"></status>
</kw>
<kw name="Set Window Size" library="SeleniumLibrary">
<doc>Sets current windows size to given ``width`` and ``height``.</doc>
<arguments>
<arg>1400</arg>
<arg>800</arg>
</arguments>
<status status="PASS" starttime="20191001 11:34:37.609" endtime="20191001 11:34:38.743"></status>
</kw>
<kw name="Log To Console" library="BuiltIn">
<doc>Logs the given message to the console.</doc>
<arguments>
<arg>Label verified on LoginPage</arg>
</arguments>
<status status="PASS" starttime="20191001 11:34:38.744" endtime="20191001 11:34:38.744"></status>
</kw>
<kw name="Sleep" library="BuiltIn">
<doc>Pauses the test executed for the given time.</doc>
<arguments>
<arg>3s</arg>
</arguments>
<msg timestamp="20191001 11:34:41.745" level="INFO">Slept 3 seconds</msg>
<status status="PASS" starttime="20191001 11:34:38.744" endtime="20191001 11:34:41.745"></status>
</kw>
<kw name="Log To Console" library="BuiltIn">
<doc>Logs the given message to the console.</doc>
<arguments>
<arg>User able to Launch Web Browser successfully</arg>
</arguments>
<status status="PASS" starttime="20191001 11:34:41.745" endtime="20191001 11:34:41.746"></status>
</kw>
<status status="PASS" starttime="20191001 11:34:30.260" endtime="20191001 11:34:41.746"></status>
</kw>
<test id="s1-t1" name="Testcase6:cdpCMS006_Verifyuserisabletologout">
<kw name="Common Wait" library="CommonAction" type="setup">
<doc>Common wait used for Test setup</doc>
<kw name="Sleep" library="BuiltIn">
<doc>Pauses the test executed for the given time.</doc>
<arguments>
<arg>6s</arg>
</arguments>
<msg timestamp="20191001 11:34:47.750" level="INFO">Slept 6 seconds</msg>
<status status="PASS" starttime="20191001 11:34:41.748" endtime="20191001 11:34:47.750"></status>
</kw>
<status status="PASS" starttime="20191001 11:34:41.747" endtime="20191001 11:34:47.750"></status>
</kw>
<kw name="Log" library="BuiltIn">
<doc>Logs the given message with the given level.</doc>
<arguments>
<arg>${TEST NAME}</arg>
</arguments>
<msg timestamp="20191001 11:34:47.751" level="INFO">Testcase6:cdpCMS006_Verifyuserisabletologout</msg>
<status status="PASS" starttime="20191001 11:34:47.751" endtime="20191001 11:34:47.751"></status>
</kw>
<kw name="Verify CDP Logo" library="CommonAction">
<kw name="Log To Console" library="BuiltIn">
<doc>Logs the given message to the console.</doc>
<arguments>
<arg>User Intended to Verify CDP Logo</arg>
</arguments>
<status status="PASS" starttime="20191001 11:34:47.752" endtime="20191001 11:34:47.752"></status>
</kw>
<kw name="Sleep" library="BuiltIn">
<doc>Pauses the test executed for the given time.</doc>
<arguments>
<arg>9s</arg>
</arguments>
<msg timestamp="20191001 11:34:56.759" level="INFO">Slept 9 seconds</msg>
<status status="PASS" starttime="20191001 11:34:47.752" endtime="20191001 11:34:56.759"></status>
</kw>
<kw name="Wait Until Page Contains Element" library="SeleniumLibrary">
<doc>Waits until the element ``locator`` appears on the current page.</doc>
<arguments>
<arg>${CDPLOGO}</arg>
<arg>timeout=0.15</arg>
</arguments>
<status status="PASS" starttime="20191001 11:34:56.759" endtime="20191001 11:34:56.774"></status>
</kw>
<kw name="Log To Console" library="BuiltIn">
<doc>Logs the given message to the console.</doc>
<arguments>
<arg>Verified CDPLogo</arg>
<arg>on header is visible</arg>
</arguments>
<status status="PASS" starttime="20191001 11:34:56.774" endtime="20191001 11:34:56.774"></status>
</kw>
<kw name="Log To Console" library="BuiltIn">
<doc>Logs the given message to the console.</doc>
<arguments>
<arg>User able to Verify CDP Logo successfully</arg>
</arguments>
<status status="PASS" starttime="20191001 11:34:56.774" endtime="20191001 11:34:56.774"></status>
</kw>
<status status="PASS" starttime="20191001 11:34:47.752" endtime="20191001 11:34:56.774"></status>
</kw>
<kw name="Input Valid Credentials for StageDev Env" library="LoginPage">
<kw name="Log To Console" library="BuiltIn">
<doc>Logs the given message to the console.</doc>
<arguments>
<arg>Login Successful</arg>
</arguments>
<status status="PASS" starttime="20191001 11:34:56.774" endtime="20191001 11:34:56.774"></status>
</kw>
<kw name="Click Element" library="SeleniumLibrary">
<doc>Click the element identified by ``locator``.</doc>
<arguments>
<arg>${SELECT_USER}</arg>
</arguments>
<msg timestamp="20191001 11:34:56.774" level="INFO">Clicking element '//*[@id="login-cover"]/div/div/div[2]/div/div/form/div[1]/div/select'.</msg>
<status status="PASS" starttime="20191001 11:34:56.774" endtime="20191001 11:34:56.859"></status>
</kw>
<kw name="Sleep" library="BuiltIn">
<doc>Pauses the test executed for the given time.</doc>
<arguments>
<arg>1s</arg>
</arguments>
<msg timestamp="20191001 11:34:57.860" level="INFO">Slept 1 second</msg>
<status status="PASS" starttime="20191001 11:34:56.859" endtime="20191001 11:34:57.860"></status>
</kw>
<kw name="Click Element" library="SeleniumLibrary">
<doc>Click the element identified by ``locator``.</doc>
<arguments>
<arg>${Menu_Option}</arg>
</arguments>
<msg timestamp="20191001 11:34:57.860" level="INFO">Clicking element '//*[@id="login-cover"]/div/div/div[2]/div/div/form/div[1]/div/select/option[4]'.</msg>
<status status="PASS" starttime="20191001 11:34:57.860" endtime="20191001 11:34:57.896"></status>
</kw>
<kw name="Sleep" library="BuiltIn">
<doc>Pauses the test executed for the given time.</doc>
<arguments>
<arg>1s</arg>
</arguments>
<msg timestamp="20191001 11:34:58.897" level="INFO">Slept 1 second</msg>
<status status="PASS" starttime="20191001 11:34:57.896" endtime="20191001 11:34:58.897"></status>
</kw>
<kw name="Input Text" library="SeleniumLibrary">
<doc>Types the given ``text`` into the text field identified by ``locator``.</doc>
<arguments>
<arg>${ZERO}</arg>
<arg>0</arg>
</arguments>
<msg timestamp="20191001 11:34:58.898" level="INFO">Typing text '0' into text field '//input[@id='challenge']'.</msg>
<status status="PASS" starttime="20191001 11:34:58.897" endtime="20191001 11:34:58.983"></status>
</kw>
<kw name="Sleep" library="BuiltIn">
<doc>Pauses the test executed for the given time.</doc>
<arguments>
<arg>1s</arg>
</arguments>
<msg timestamp="20191001 11:34:59.986" level="INFO">Slept 1 second</msg>
<status status="PASS" starttime="20191001 11:34:58.984" endtime="20191001 11:34:59.986"></status>
</kw>
<kw name="Submit Credentials" library="LoginPage">
<kw name="Log To Console" library="BuiltIn">
<doc>Logs the given message to the console.</doc>
<arguments>
<arg>SubmitCredentials</arg>
</arguments>
<status status="PASS" starttime="20191001 11:34:59.986" endtime="20191001 11:34:59.987"></status>
</kw>
<kw name="Run Keyword And Return Status" library="BuiltIn">
<doc>Runs the given keyword with given arguments and returns the status as a Boolean value.</doc>
<arguments>
<arg>Element Should Be Visible</arg>
<arg>${SIGN_IN}</arg>
</arguments>
<assign>
<var>${IsElementVisible}</var>
</assign>
<kw name="Element Should Be Visible" library="SeleniumLibrary">
<doc>Verifies that the element identified by ``locator`` is visible.</doc>
<arguments>
<arg>${SIGN_IN}</arg>
</arguments>
<msg timestamp="20191001 11:35:00.013" level="INFO">Element '//*[@class="btn btn-block btn-primary"][contains(text(),"Sign In")]' is displayed.</msg>
<status status="PASS" starttime="20191001 11:34:59.987" endtime="20191001 11:35:00.013"></status>
</kw>
<msg timestamp="20191001 11:35:00.013" level="INFO">${IsElementVisible} = True</msg>
<status status="PASS" starttime="20191001 11:34:59.987" endtime="20191001 11:35:00.013"></status>
</kw>
<kw name="Run Keyword If" library="BuiltIn">
<doc>Runs the given keyword with the given arguments, if ``condition`` is true.</doc>
<arguments>
<arg>${IsElementVisible}</arg>
<arg>Click Button</arg>
<arg>${SIGN_IN}</arg>
</arguments>
<kw name="Click Button" library="SeleniumLibrary">
<doc>Clicks the button identified by ``locator``.</doc>
<arguments>
<arg>${SIGN_IN}</arg>
</arguments>
<msg timestamp="20191001 11:35:00.014" level="INFO">Clicking button '//*[@class="btn btn-block btn-primary"][contains(text(),"Sign In")]'.</msg>
<status status="PASS" starttime="20191001 11:35:00.014" endtime="20191001 11:35:01.539"></status>
</kw>
<status status="PASS" starttime="20191001 11:35:00.014" endtime="20191001 11:35:01.539"></status>
</kw>
<kw name="Log To Console" library="BuiltIn">
<doc>Logs the given message to the console.</doc>
<arguments>
<arg>SubmitCredentials</arg>
</arguments>
<status status="PASS" starttime="20191001 11:35:01.539" endtime="20191001 11:35:01.540"></status>
</kw>
<status status="PASS" starttime="20191001 11:34:59.986" endtime="20191001 11:35:01.540"></status>
</kw>
<kw name="Log To Console" library="BuiltIn">
<doc>Logs the given message to the console.</doc>
<arguments>
<arg>Login Successful</arg>
</arguments>
<status status="PASS" starttime="20191001 11:35:01.540" endtime="20191001 11:35:01.541"></status>
</kw>
<status status="PASS" starttime="20191001 11:34:56.774" endtime="20191001 11:35:01.541"></status>
</kw>
<kw name="Perform Logout" library="CommonAction" type="teardown">
<kw name="Log To Console" library="BuiltIn">
<doc>Logs the given message to the console.</doc>
<arguments>
<arg>User Intended to Perform Logout CDP App</arg>
</arguments>
<status status="PASS" starttime="20191001 11:35:01.542" endtime="20191001 11:35:01.542"></status>
</kw>
<kw name="Sleep" library="BuiltIn">
<doc>Pauses the test executed for the given time.</doc>
<arguments>
<arg>5s</arg>
</arguments>
<msg timestamp="20191001 11:35:06.545" level="INFO">Slept 5 seconds</msg>
<status status="PASS" starttime="20191001 11:35:01.542" endtime="20191001 11:35:06.545"></status>
</kw>
<kw name="Click Link" library="SeleniumLibrary">
<doc>Clicks a link identified by ``locator``.</doc>
<arguments>
<arg>${SignOut_Icon}</arg>
</arguments>
<msg timestamp="20191001 11:35:06.547" level="INFO">Clicking link '//a[@id='userDrop']'.</msg>
<status status="PASS" starttime="20191001 11:35:06.546" endtime="20191001 11:35:06.623"></status>
</kw>
<kw name="Sleep" library="BuiltIn">
<doc>Pauses the test executed for the given time.</doc>
<arguments>
<arg>2s</arg>
</arguments>
<msg timestamp="20191001 11:35:08.637" level="INFO">Slept 2 seconds</msg>
<status status="PASS" starttime="20191001 11:35:06.623" endtime="20191001 11:35:08.637"></status>
</kw>
<kw name="Set Focus To Element" library="SeleniumLibrary">
<doc>Sets the focus to the element identified by ``locator``.</doc>
<arguments>
<arg>${Logout}</arg>
</arguments>
<status status="PASS" starttime="20191001 11:35:08.637" endtime="20191001 11:35:08.678"></status>
</kw>
<kw name="Click Element" library="SeleniumLibrary">
<doc>Click the element identified by ``locator``.</doc>
<arguments>
<arg>${Logout}</arg>
</arguments>
<msg timestamp="20191001 11:35:08.678" level="INFO">Clicking element '//a[@class='dropdown-item'][contains(text(),'Logout')]'.</msg>
<status status="PASS" starttime="20191001 11:35:08.678" endtime="20191001 11:35:09.477"></status>
</kw>
<kw name="Log To Console" library="BuiltIn">
<doc>Logs the given message to the console.</doc>
<arguments>
<arg>A/C Dropdown visible to Perform Logout</arg>
</arguments>
<status status="PASS" starttime="20191001 11:35:09.477" endtime="20191001 11:35:09.477"></status>
</kw>
<kw name="Sleep" library="BuiltIn">
<doc>Pauses the test executed for the given time.</doc>
<arguments>
<arg>3s</arg>
</arguments>
<msg timestamp="20191001 11:35:12.480" level="INFO">Slept 3 seconds</msg>
<status status="PASS" starttime="20191001 11:35:09.477" endtime="20191001 11:35:12.480"></status>
</kw>
<status status="PASS" starttime="20191001 11:35:01.541" endtime="20191001 11:35:12.480"></status>
</kw>
<doc>This script Verifies Logins the CDP application successfully for Staff Users</doc>
<tags>
<tag>LaunchApp</tag>
</tags>
<status status="PASS" starttime="20191001 11:34:41.746" endtime="20191001 11:35:12.480" critical="yes"></status>
</test>
<kw name="Run Keyword" library="BuiltIn" type="teardown">
<doc>Executes the given keyword with the given arguments.</doc>
<arguments>
<arg>Close Browser</arg>
</arguments>
<kw name="Close Browser" library="CommonAction">
<kw name="Log To Console" library="BuiltIn">
<doc>Logs the given message to the console.</doc>
<arguments>
<arg>User Intended to Close Browser</arg>
</arguments>
<status status="PASS" starttime="20191001 11:35:12.480" endtime="20191001 11:35:12.480"></status>
</kw>
<kw name="Delete All Cookies" library="SeleniumLibrary">
<doc>Deletes all cookies.</doc>
<status status="PASS" starttime="20191001 11:35:12.480" endtime="20191001 11:35:12.495"></status>
</kw>
<kw name="Log To Console" library="BuiltIn">
<doc>Logs the given message to the console.</doc>
<arguments>
<arg>Deleted cookies</arg>
</arguments>
<status status="PASS" starttime="20191001 11:35:12.495" endtime="20191001 11:35:12.495"></status>
</kw>
<kw name="Close All Browsers" library="SeleniumLibrary">
<doc>Closes all open browsers and resets the browser cache.</doc>
<status status="PASS" starttime="20191001 11:35:12.495" endtime="20191001 11:35:14.663"></status>
</kw>
<kw name="Log To Console" library="BuiltIn">
<doc>Logs the given message to the console.</doc>
<arguments>
<arg>Current browser got closed.</arg>
</arguments>
<status status="PASS" starttime="20191001 11:35:14.663" endtime="20191001 11:35:14.663"></status>
</kw>
<status status="PASS" starttime="20191001 11:35:12.480" endtime="20191001 11:35:14.663"></status>
</kw>
<status status="PASS" starttime="20191001 11:35:12.480" endtime="20191001 11:35:14.663"></status>
</kw>
<doc>This Suite includes testcases for the most common workflows and functionality of Code Development Process (CDP) for Staff Users</doc>
<status status="PASS" starttime="20191001 11:34:29.978" endtime="20191001 11:35:14.663"></status>
</suite>
<statistics>
<total>
<stat pass="1" fail="0">Critical Tests</stat>
<stat pass="1" fail="0">All Tests</stat>
</total>
<tag>
<stat pass="1" fail="0">LaunchApp</stat>
</tag>
<suite>
<stat pass="1" fail="0" id="s1" name="CDPSmokeTestCases StaffUser">CDPSmokeTestCases StaffUser</stat>
</suite>
</statistics>
<errors>
<msg timestamp="20191001 11:34:30.244" level="ERROR">Error in file 'C:\Python36\Scripts\CDP\Automation\Smoke\CDPSmokeTestCases_StaffUser.robot': Importing test library 'C:\Python36\Scripts\CDP\Automation\Resource\CustomLibrary\MyLibrary.py' failed: ModuleNotFoundError: No module named 'pynput'
Traceback (most recent call last):
  File "C:\Python36\Scripts\CDP\Automation\Resource\CustomLibrary\MyLibrary.py", line 5, in &lt;module&gt;
    from pynput.keyboard import Key, Controller
PYTHONPATH:
  C:\Python36\Scripts\robot.exe
  c:\python36\python36.zip
  c:\python36\DLLs
  c:\python36\lib
  c:\python36
  c:\python36\lib\site-packages
  c:\python36\lib\site-packages\win32
  c:\python36\lib\site-packages\win32\lib
  c:\python36\lib\site-packages\Pythonwin</msg>
</errors>
</robot>
